<?xml version="1.0" encoding="UTF-8"?>
<!-- Generated by org.testng.reporters.JUnitXMLReporter -->
<testsuite ignored="1" hostname="Sasikumar" failures="0" tests="1" name="Default test" time="12.067" errors="0" timestamp="2025-02-23T01:08:06 IST">
  <testcase classname="org.cura.health.tests.CuraHealth" name="curaTwo" time="12.005"/>
  <testcase classname="org.cura.health.tests.CuraHealth" name="curaOne" time="0.0">
    <ignored/>
  </testcase> <!-- curaOne -->
</testsuite> <!-- Default test -->
