<?xml version="1.0" encoding="UTF-8"?>
<!-- Generated by org.testng.reporters.JUnitXMLReporter -->
<testsuite ignored="1" hostname="Sasikumar" failures="0" tests="1" name="Default test" time="10.981" errors="0" timestamp="2025-02-24T10:54:09 IST">
  <testcase classname="org.cura.health.tests.CuraHealth" name="curaTwo" time="10.921"/>
  <testcase classname="org.cura.health.tests.CuraHealth" name="curaOne" time="0.0">
    <ignored/>
  </testcase> <!-- curaOne -->
</testsuite> <!-- Default test -->
